2022-02-01 22:51:39,613 INFO father parents provide 10 cacolate
2022-02-01 22:51:39,613 INFO Number of cacolate child get from father is 10
2022-02-01 22:51:39,613 INFO father parents provide 10 cacolate
2022-02-01 22:51:39,614 INFO Number of cacolate child get from mother is 10
2022-02-01 22:51:39,614 INFO Total number of coco is 100
2022-02-01 22:57:27,025 INFO father parents provide 10 cacolate
2022-02-01 22:57:27,028 INFO Number of cacolate child get from father is 10
2022-02-01 22:57:27,028 INFO father parents provide 10 cacolate
2022-02-01 22:57:27,028 INFO Number of cacolate child get from mother is 10
2022-02-01 22:57:27,028 INFO Total number of coco is 100
2022-02-01 22:58:49,705 INFO father parents provide 10 cacolate
2022-02-01 22:58:49,708 INFO Number of cacolate child get from father is 10
2022-02-01 23:01:49,764 INFO parents provide 10 cacolate
2022-02-01 23:01:49,765 INFO Number of cacolate child get from father is 10
2022-02-01 23:05:06,791 INFO parents provide 500 cacolate
2022-02-01 23:05:06,792 INFO Number of cacolate child get from parent is 500
2022-02-01 23:05:19,944 INFO parents provide 500 cacolate
2022-02-01 23:05:19,947 INFO Number of cacolate child get from parent is 500
2022-02-01 23:05:55,195 INFO parents provide 500 cacolate
2022-02-01 23:05:55,195 INFO Number of cacolate child get from parent is 500
2022-02-01 23:06:44,615 INFO parents provide 500 cacolate
2022-02-01 23:06:44,618 INFO Number of cacolate child get from parent is 500
2022-02-01 23:07:57,357 INFO parents provide 500 cacolate
2022-02-01 23:07:57,357 INFO Number of cacolate child get from parent is 500
2022-02-01 23:09:32,235 INFO parents provide 500 cacolate
2022-02-01 23:09:32,238 INFO Number of cacolate child get from parent is 500
2022-02-01 23:10:49,543 INFO parents provide 500 cacolate
2022-02-01 23:10:49,555 INFO Number of cacolate child get from parent is 500
2022-02-01 23:14:11,413 INFO parents provide 500 cacolate
2022-02-01 23:14:11,415 INFO Number of cacolate child get from parent
2022-02-01 23:14:33,689 INFO parents provide 500 cacolate
2022-02-01 23:14:33,691 INFO Number of cacolate child get from parent is 500
